[2018-04-09T08:02:30.065] [DEBUG] cheese - login => username:admin,password:123456
[2018-04-09T08:02:30.068] [DEBUG] cheese - admin
[2018-04-09T08:02:30.090] [DEBUG] cheese - null
[2018-04-09T08:02:30.091] [DEBUG] cheese - null
[2018-04-09T08:06:45.747] [DEBUG] cheese - login => username:admin,password:123456
[2018-04-09T08:06:45.747] [DEBUG] cheese - admin
[2018-04-09T08:06:45.752] [DEBUG] cheese - null
[2018-04-09T08:06:45.753] [DEBUG] cheese - null
[2018-04-09T08:08:26.360] [DEBUG] cheese - login => username:admin,password:123456
[2018-04-09T08:08:26.360] [DEBUG] cheese - admin
[2018-04-09T08:08:26.365] [DEBUG] cheese - null
[2018-04-09T08:08:26.366] [DEBUG] cheese - null
[2018-04-10T15:37:44.780] [DEBUG] cheese - login => username:admin,password:123456
[2018-04-10T15:37:44.785] [DEBUG] cheese - admin
[2018-04-10T15:37:44.856] [DEBUG] cheese - null
[2018-04-10T15:37:44.857] [DEBUG] cheese - null
[2018-04-10T15:38:00.494] [DEBUG] cheese - login => username:admin,password:12345
[2018-04-10T15:38:00.494] [DEBUG] cheese - admin
[2018-04-10T15:38:00.500] [DEBUG] cheese - null
[2018-04-10T15:38:00.500] [DEBUG] cheese - null
[2018-04-10T15:38:08.324] [DEBUG] cheese - login => username:admin,password:123456
[2018-04-10T15:38:08.324] [DEBUG] cheese - admin
[2018-04-10T15:38:08.340] [DEBUG] cheese - null
[2018-04-10T15:38:08.341] [DEBUG] cheese - null
[2018-04-10T17:40:46.661] [DEBUG] cheese - login => username:admin,password:123456
[2018-04-10T17:40:46.664] [DEBUG] cheese - admin
[2018-04-10T17:40:46.681] [DEBUG] cheese - null
[2018-04-10T17:40:46.681] [DEBUG] cheese - null
[2018-04-10T17:47:46.125] [DEBUG] cheese - login => username:admin,password:123456
[2018-04-10T17:47:46.125] [DEBUG] cheese - admin
[2018-04-10T17:47:46.130] [DEBUG] cheese - null
[2018-04-10T17:47:46.130] [DEBUG] cheese - null
[2018-04-10T17:48:47.083] [DEBUG] cheese - login => username:admin,password:123456
[2018-04-10T17:48:47.084] [DEBUG] cheese - admin
[2018-04-10T17:48:47.096] [DEBUG] cheese - null
[2018-04-10T17:48:47.096] [DEBUG] cheese - null
[2018-04-10T17:49:27.593] [DEBUG] cheese - login => username:admin,password:123456
[2018-04-10T17:49:27.593] [DEBUG] cheese - admin
[2018-04-10T17:49:27.599] [DEBUG] cheese - null
[2018-04-10T17:49:27.599] [DEBUG] cheese - null
[2018-04-10T17:50:52.772] [DEBUG] cheese - login => username:admin,password:123456
[2018-04-10T17:50:52.772] [DEBUG] cheese - admin
[2018-04-10T17:50:52.781] [DEBUG] cheese - null
[2018-04-10T17:50:52.781] [DEBUG] cheese - null
[2018-04-10T17:52:07.843] [DEBUG] cheese - login => username:admin,password:123456
[2018-04-10T17:52:07.843] [DEBUG] cheese - admin
[2018-04-10T17:52:07.849] [DEBUG] cheese - null
[2018-04-10T17:52:07.849] [DEBUG] cheese - null
[2018-04-10T18:06:50.604] [DEBUG] cheese - login => username:admin,password:123456
[2018-04-10T18:06:50.604] [DEBUG] cheese - admin
[2018-04-10T18:06:50.626] [DEBUG] cheese - null
[2018-04-10T18:06:50.626] [DEBUG] cheese - null
[2018-04-11T11:29:59.923] [DEBUG] cheese - login => username:admin,password:123456
[2018-04-11T11:29:59.925] [DEBUG] cheese - admin
[2018-04-11T11:29:59.958] [DEBUG] cheese - null
[2018-04-11T11:29:59.959] [DEBUG] cheese - null
[2018-04-11T11:40:52.214] [DEBUG] cheese - login => username:admin,password:123456
[2018-04-11T11:40:52.214] [DEBUG] cheese - admin
[2018-04-11T11:40:52.223] [DEBUG] cheese - null
[2018-04-11T11:40:52.223] [DEBUG] cheese - null
[2018-04-12T10:02:59.621] [DEBUG] cheese - login => username:admin,password:123456
[2018-04-12T10:02:59.625] [DEBUG] cheese - admin
[2018-04-12T10:02:59.663] [DEBUG] cheese - null
[2018-04-12T10:02:59.664] [DEBUG] cheese - null
[2018-04-12T10:04:23.447] [DEBUG] cheese - login => username:admin,password:123456
[2018-04-12T10:04:23.447] [DEBUG] cheese - admin
[2018-04-12T10:04:23.452] [DEBUG] cheese - null
[2018-04-12T10:04:23.452] [DEBUG] cheese - null
[2018-04-12T10:11:20.067] [DEBUG] cheese - login => username:admin,password:123456
[2018-04-12T10:11:20.067] [DEBUG] cheese - admin
[2018-04-12T10:11:20.073] [DEBUG] cheese - null
[2018-04-12T10:11:20.073] [DEBUG] cheese - null
[2018-04-12T10:13:50.593] [DEBUG] cheese - login => username:admin,password:123456
[2018-04-12T10:13:50.593] [DEBUG] cheese - admin
[2018-04-12T10:13:50.601] [DEBUG] cheese - null
[2018-04-12T10:13:50.601] [DEBUG] cheese - null
[2018-04-12T10:49:40.347] [DEBUG] cheese - login => username:admin,password:123456
[2018-04-12T10:49:40.348] [DEBUG] cheese - admin
[2018-04-12T10:49:40.366] [DEBUG] cheese - null
[2018-04-12T10:49:40.366] [DEBUG] cheese - null
[2018-04-12T10:50:27.543] [DEBUG] cheese - login => username:admin,password:123456
[2018-04-12T10:50:27.543] [DEBUG] cheese - admin
[2018-04-12T10:50:27.549] [DEBUG] cheese - null
[2018-04-12T10:50:27.549] [DEBUG] cheese - null
[2018-04-12T11:36:06.942] [DEBUG] cheese - login => username:admin,password:123456
[2018-04-12T11:36:06.944] [DEBUG] cheese - admin
[2018-04-12T11:36:06.968] [DEBUG] cheese - null
[2018-04-12T11:36:06.968] [DEBUG] cheese - null
[2018-04-12T11:37:17.406] [DEBUG] cheese - login => username:admin,password:123456
[2018-04-12T11:37:17.406] [DEBUG] cheese - admin
[2018-04-12T11:37:17.414] [DEBUG] cheese - null
[2018-04-12T11:37:17.414] [DEBUG] cheese - null
[2018-04-12T11:52:35.364] [DEBUG] cheese - login => username:admin,password:123456
[2018-04-12T11:52:35.365] [DEBUG] cheese - admin
[2018-04-12T11:52:35.386] [DEBUG] cheese - null
[2018-04-12T11:52:35.386] [DEBUG] cheese - null
[2018-04-12T11:52:49.193] [DEBUG] cheese - login => username:admin,password:123456
[2018-04-12T11:52:49.193] [DEBUG] cheese - admin
[2018-04-12T11:52:49.212] [DEBUG] cheese - null
[2018-04-12T11:52:49.213] [DEBUG] cheese - null
[2018-04-12T11:56:12.426] [DEBUG] cheese - login => username:admin,password:123456
[2018-04-12T11:56:12.427] [DEBUG] cheese - admin
[2018-04-12T11:56:12.440] [DEBUG] cheese - null
[2018-04-12T11:56:12.441] [DEBUG] cheese - null
[2018-04-12T12:01:11.132] [DEBUG] cheese - login => username:admin,password:123456
[2018-04-12T12:01:11.132] [DEBUG] cheese - admin
[2018-04-12T12:01:11.143] [DEBUG] cheese - null
[2018-04-12T12:01:11.143] [DEBUG] cheese - null
[2018-04-12T14:35:30.256] [DEBUG] cheese - login => username:admin,password:123456
[2018-04-12T14:35:30.258] [DEBUG] cheese - admin
[2018-04-12T14:35:30.281] [DEBUG] cheese - null
[2018-04-12T14:35:30.281] [DEBUG] cheese - null
[2018-04-12T15:13:32.135] [DEBUG] cheese - login => username:admin,password:123456
[2018-04-12T15:13:32.136] [DEBUG] cheese - admin
[2018-04-12T15:13:32.147] [DEBUG] cheese - null
[2018-04-12T15:13:32.147] [DEBUG] cheese - null
[2018-04-12T15:41:46.282] [DEBUG] cheese - login => username:admin,password:123456
[2018-04-12T15:41:46.284] [DEBUG] cheese - admin
[2018-04-12T15:41:46.324] [DEBUG] cheese - null
[2018-04-12T15:41:46.326] [DEBUG] cheese - null
[2018-04-12T15:47:57.264] [DEBUG] cheese - login => username:admin,password:123456
[2018-04-12T15:47:57.264] [DEBUG] cheese - admin
[2018-04-12T15:47:57.273] [DEBUG] cheese - null
[2018-04-12T15:47:57.274] [DEBUG] cheese - null
[2018-04-12T15:48:37.589] [DEBUG] cheese - login => username:admin,password:123456
[2018-04-12T15:48:37.589] [DEBUG] cheese - admin
[2018-04-12T15:48:37.602] [DEBUG] cheese - null
[2018-04-12T15:48:37.602] [DEBUG] cheese - null
[2018-04-12T15:53:27.425] [DEBUG] cheese - login => username:admin,password:123456
[2018-04-12T15:53:27.425] [DEBUG] cheese - admin
[2018-04-12T15:53:27.431] [DEBUG] cheese - null
[2018-04-12T15:53:27.431] [DEBUG] cheese - null
[2018-04-13T08:32:16.829] [DEBUG] cheese - login => username:admin,password:123456
[2018-04-13T08:32:16.831] [DEBUG] cheese - admin
[2018-04-13T08:32:16.851] [DEBUG] cheese - null
[2018-04-13T08:32:16.852] [DEBUG] cheese - null
[2018-04-13T09:00:19.628] [DEBUG] cheese - login => username:admin,password:123456
[2018-04-13T09:00:19.630] [DEBUG] cheese - admin
[2018-04-13T09:00:19.660] [DEBUG] cheese - null
[2018-04-13T09:00:19.661] [DEBUG] cheese - null
[2018-04-13T10:29:23.457] [DEBUG] cheese - login => username:admin,password:123456
[2018-04-13T10:29:23.458] [DEBUG] cheese - admin
[2018-04-13T10:29:23.470] [DEBUG] cheese - null
[2018-04-13T10:29:23.471] [DEBUG] cheese - null
[2018-04-13T10:41:40.477] [DEBUG] cheese - login => username:admin,password:123456
[2018-04-13T10:41:40.478] [DEBUG] cheese - admin
[2018-04-13T10:41:40.484] [DEBUG] cheese - null
[2018-04-13T10:41:40.484] [DEBUG] cheese - null
[2018-04-13T10:47:03.149] [DEBUG] cheese - login => username:admin,password:123456
[2018-04-13T10:47:03.149] [DEBUG] cheese - admin
[2018-04-13T10:47:03.157] [DEBUG] cheese - null
[2018-04-13T10:47:03.157] [DEBUG] cheese - null
[2018-04-13T10:56:50.965] [DEBUG] cheese - login => username:admin,password:123456
[2018-04-13T10:56:50.966] [DEBUG] cheese - admin
[2018-04-13T10:56:50.975] [DEBUG] cheese - null
[2018-04-13T10:56:50.975] [DEBUG] cheese - null
[2018-04-13T13:03:47.929] [DEBUG] cheese - login => username:admin,password:123456
[2018-04-13T13:03:47.931] [DEBUG] cheese - admin
[2018-04-13T13:03:47.950] [DEBUG] cheese - null
[2018-04-13T13:03:47.950] [DEBUG] cheese - null
[2018-04-13T13:33:45.030] [DEBUG] cheese - login => username:admin,password:123456
[2018-04-13T13:33:45.031] [DEBUG] cheese - admin
[2018-04-13T13:33:45.043] [DEBUG] cheese - null
[2018-04-13T13:33:45.044] [DEBUG] cheese - null
[2018-04-13T13:49:03.262] [DEBUG] cheese - login => username:admin,password:123456
[2018-04-13T13:49:03.262] [DEBUG] cheese - admin
[2018-04-13T13:49:03.275] [DEBUG] cheese - null
[2018-04-13T13:49:03.275] [DEBUG] cheese - null
[2018-04-13T13:56:29.985] [DEBUG] cheese - login => username:admin,password:123456
[2018-04-13T13:56:29.985] [DEBUG] cheese - admin
[2018-04-13T13:56:30.003] [DEBUG] cheese - null
[2018-04-13T13:56:30.003] [DEBUG] cheese - null
[2018-04-13T14:00:37.780] [DEBUG] cheese - login => username:admin,password:123456
[2018-04-13T14:00:37.780] [DEBUG] cheese - admin
[2018-04-13T14:00:37.788] [DEBUG] cheese - null
[2018-04-13T14:00:37.788] [DEBUG] cheese - null
[2018-04-13T14:09:17.337] [DEBUG] cheese - login => username:admin,password:123456
[2018-04-13T14:09:17.337] [DEBUG] cheese - admin
[2018-04-13T14:09:17.349] [DEBUG] cheese - null
[2018-04-13T14:09:17.349] [DEBUG] cheese - null
[2018-04-13T15:45:30.865] [DEBUG] cheese - login => username:admin,password:123456
[2018-04-13T15:45:30.867] [DEBUG] cheese - admin
[2018-04-13T15:45:30.877] [DEBUG] cheese - null
[2018-04-13T15:45:30.877] [DEBUG] cheese - null
[2018-04-14T16:11:11.510] [DEBUG] cheese - login => username:admin,password:123456
[2018-04-14T16:11:11.512] [DEBUG] cheese - admin
[2018-04-14T16:11:11.539] [DEBUG] cheese - null
[2018-04-14T16:11:11.540] [DEBUG] cheese - null
[2018-04-14T16:14:23.447] [DEBUG] cheese - login => username:admin,password:123456
[2018-04-14T16:14:23.447] [DEBUG] cheese - admin
[2018-04-14T16:14:23.452] [DEBUG] cheese - null
[2018-04-14T16:14:23.452] [DEBUG] cheese - null
[2018-04-14T16:15:24.914] [DEBUG] cheese - login => username:admin,password:123456
[2018-04-14T16:15:24.914] [DEBUG] cheese - admin
[2018-04-14T16:15:24.919] [DEBUG] cheese - null
[2018-04-14T16:15:24.919] [DEBUG] cheese - null
[2018-04-14T16:27:30.511] [DEBUG] cheese - login => username:admin,password:123456
[2018-04-14T16:27:30.512] [DEBUG] cheese - admin
[2018-04-14T16:27:30.516] [DEBUG] cheese - null
[2018-04-14T16:27:30.516] [DEBUG] cheese - null
[2018-04-14T16:31:38.726] [DEBUG] cheese - login => username:admin,password:123456
[2018-04-14T16:31:38.726] [DEBUG] cheese - admin
[2018-04-14T16:31:38.729] [DEBUG] cheese - null
[2018-04-14T16:31:38.730] [DEBUG] cheese - null
[2018-04-14T16:31:46.543] [DEBUG] cheese - login => username:admin,password:123456
[2018-04-14T16:31:46.544] [DEBUG] cheese - admin
[2018-04-14T16:31:46.547] [DEBUG] cheese - null
[2018-04-14T16:31:46.547] [DEBUG] cheese - null
[2018-04-14T16:33:36.843] [DEBUG] cheese - login => username:admin,password:123456
[2018-04-14T16:33:36.843] [DEBUG] cheese - admin
[2018-04-14T16:33:36.848] [DEBUG] cheese - null
[2018-04-14T16:33:36.848] [DEBUG] cheese - null
[2018-04-15T09:02:03.238] [DEBUG] cheese - login => username:admin,password:123456
[2018-04-15T09:02:03.241] [DEBUG] cheese - admin
[2018-04-15T09:02:03.261] [DEBUG] cheese - null
[2018-04-15T09:02:03.261] [DEBUG] cheese - null
[2018-04-15T09:46:37.021] [DEBUG] cheese - login => username:admin,password:123456
[2018-04-15T09:46:37.022] [DEBUG] cheese - admin
[2018-04-15T09:46:37.028] [DEBUG] cheese - null
[2018-04-15T09:46:37.028] [DEBUG] cheese - null
[2018-04-15T10:52:17.362] [DEBUG] cheese - login => username:lpz,password:123456
[2018-04-15T10:52:17.363] [DEBUG] cheese - lpz
[2018-04-15T10:52:17.368] [DEBUG] cheese - null
[2018-04-15T10:52:17.368] [DEBUG] cheese - null
[2018-04-15T10:52:47.556] [DEBUG] cheese - login => username:lpz,password:123456
[2018-04-15T10:52:47.556] [DEBUG] cheese - lpz
[2018-04-15T10:52:47.561] [DEBUG] cheese - null
[2018-04-15T10:52:47.561] [DEBUG] cheese - null
[2018-04-15T10:53:03.963] [DEBUG] cheese - login => username:admin,password:123456
[2018-04-15T10:53:03.963] [DEBUG] cheese - admin
[2018-04-15T10:53:03.967] [DEBUG] cheese - null
[2018-04-15T10:53:03.967] [DEBUG] cheese - null
[2018-04-15T10:53:24.989] [DEBUG] cheese - login => username:lpz,password:123456
[2018-04-15T10:53:24.990] [DEBUG] cheese - lpz
[2018-04-15T10:53:24.995] [DEBUG] cheese - null
[2018-04-15T10:53:24.995] [DEBUG] cheese - null
[2018-04-15T10:53:31.576] [DEBUG] cheese - login => username:lpz,password:123456
[2018-04-15T10:53:31.576] [DEBUG] cheese - lpz
[2018-04-15T10:53:31.580] [DEBUG] cheese - null
[2018-04-15T10:53:31.580] [DEBUG] cheese - null
[2018-04-15T10:53:51.319] [DEBUG] cheese - login => username:lpz,password:123456
[2018-04-15T10:53:51.319] [DEBUG] cheese - lpz
[2018-04-15T10:53:51.331] [DEBUG] cheese - null
[2018-04-15T10:53:51.331] [DEBUG] cheese - null
[2018-04-15T10:54:41.101] [DEBUG] cheese - login => username:lpz,password:123456
[2018-04-15T10:54:41.101] [DEBUG] cheese - lpz
[2018-04-15T10:54:41.101] [DEBUG] cheese - null
[2018-04-15T10:54:41.101] [DEBUG] cheese - null
[2018-04-15T10:55:08.033] [DEBUG] cheese - login => username:lpz,password:123456
[2018-04-15T10:55:08.033] [DEBUG] cheese - lpz
[2018-04-15T10:55:08.037] [DEBUG] cheese - null
[2018-04-15T10:55:08.037] [DEBUG] cheese - null
[2018-04-15T16:16:43.032] [DEBUG] cheese - login => username:lpz,password:123456
[2018-04-15T16:16:43.038] [DEBUG] cheese - lpz
[2018-04-15T16:16:43.054] [DEBUG] cheese - null
[2018-04-15T16:16:43.057] [DEBUG] cheese - null
[2018-04-15T16:16:59.722] [DEBUG] cheese - login => username:admin,password:123456
[2018-04-15T16:16:59.722] [DEBUG] cheese - admin
[2018-04-15T16:16:59.729] [DEBUG] cheese - null
[2018-04-15T16:16:59.730] [DEBUG] cheese - null
[2018-04-15T17:26:27.818] [DEBUG] cheese - login => username:lpz,password:123456
[2018-04-15T17:26:27.819] [DEBUG] cheese - lpz
[2018-04-15T17:26:27.823] [DEBUG] cheese - null
[2018-04-15T17:26:27.823] [DEBUG] cheese - null
[2018-04-15T17:27:16.452] [DEBUG] cheese - login => username:admin,password:123456
[2018-04-15T17:27:16.453] [DEBUG] cheese - admin
[2018-04-15T17:27:16.459] [DEBUG] cheese - null
[2018-04-15T17:27:16.459] [DEBUG] cheese - null
[2018-04-15T17:27:48.011] [DEBUG] cheese - login => username:lpz,password:123456
[2018-04-15T17:27:48.011] [DEBUG] cheese - lpz
[2018-04-15T17:27:48.016] [DEBUG] cheese - null
[2018-04-15T17:27:48.016] [DEBUG] cheese - null
[2018-04-15T17:30:58.268] [DEBUG] cheese - null
[2018-04-15T17:30:58.289] [DEBUG] cheese - null
[2018-04-15T17:32:26.044] [DEBUG] cheese - null
[2018-04-15T17:32:26.051] [DEBUG] cheese - null
[2018-04-15T17:32:27.783] [DEBUG] cheese - null
[2018-04-15T17:32:27.792] [DEBUG] cheese - null
[2018-04-15T17:32:32.580] [DEBUG] cheese - null
[2018-04-15T17:32:32.586] [DEBUG] cheese - null
[2018-04-15T17:32:33.342] [DEBUG] cheese - null
[2018-04-15T17:32:33.349] [DEBUG] cheese - null
[2018-04-15T17:33:44.615] [DEBUG] cheese - null
[2018-04-15T17:33:44.635] [DEBUG] cheese - null
[2018-04-15T17:34:09.314] [DEBUG] cheese - null
[2018-04-15T17:34:09.322] [DEBUG] cheese - null
[2018-04-15T17:34:09.371] [DEBUG] cheese - null
[2018-04-15T17:34:09.377] [DEBUG] cheese - null
[2018-04-15T17:34:29.418] [DEBUG] cheese - null
[2018-04-15T17:34:29.423] [DEBUG] cheese - null
[2018-04-15T17:34:54.890] [DEBUG] cheese - null
[2018-04-15T17:34:54.895] [DEBUG] cheese - null
[2018-04-15T17:34:54.971] [DEBUG] cheese - null
[2018-04-15T17:34:54.976] [DEBUG] cheese - null
[2018-04-15T17:35:20.079] [DEBUG] cheese - null
[2018-04-15T17:35:20.093] [DEBUG] cheese - null
[2018-04-15T17:35:22.878] [DEBUG] cheese - null
[2018-04-15T17:35:22.881] [DEBUG] cheese - null
[2018-04-15T17:35:25.328] [DEBUG] cheese - null
[2018-04-15T17:35:25.334] [DEBUG] cheese - null
[2018-04-15T17:35:31.211] [DEBUG] cheese - null
[2018-04-15T17:35:31.217] [DEBUG] cheese - null
[2018-04-15T17:35:31.281] [DEBUG] cheese - null
[2018-04-15T17:35:31.293] [DEBUG] cheese - null
[2018-04-15T17:35:41.013] [DEBUG] cheese - login => username:admin,password:123456
[2018-04-15T17:35:41.013] [DEBUG] cheese - admin
[2018-04-15T17:35:41.020] [DEBUG] cheese - null
[2018-04-15T17:35:41.020] [DEBUG] cheese - null
[2018-04-15T17:36:15.129] [DEBUG] cheese - login => username:lpz,password:123456
[2018-04-15T17:36:15.130] [DEBUG] cheese - lpz
[2018-04-15T17:36:15.134] [DEBUG] cheese - null
[2018-04-15T17:36:15.135] [DEBUG] cheese - null
[2018-04-15T17:50:51.810] [DEBUG] cheese - login => username:admin,password:123456
[2018-04-15T17:50:51.810] [DEBUG] cheese - admin
[2018-04-15T17:50:51.819] [DEBUG] cheese - null
[2018-04-15T17:50:51.820] [DEBUG] cheese - null
[2018-04-15T23:13:03.171] [DEBUG] cheese - null
[2018-04-15T23:13:29.748] [DEBUG] cheese - null
[2018-04-15T23:13:30.973] [DEBUG] cheese - null
[2018-04-15T23:13:34.307] [DEBUG] cheese - null
[2018-04-15T23:13:36.818] [DEBUG] cheese - null
[2018-04-15T23:13:39.175] [DEBUG] cheese - null
[2018-04-15T23:13:40.985] [DEBUG] cheese - null
[2018-04-15T23:13:44.963] [DEBUG] cheese - null
[2018-04-15T23:13:45.809] [DEBUG] cheese - null
[2018-04-15T23:13:46.605] [DEBUG] cheese - null
[2018-04-15T23:13:48.264] [DEBUG] cheese - null
[2018-04-15T23:13:49.102] [DEBUG] cheese - null
[2018-04-15T23:13:49.876] [DEBUG] cheese - null
[2018-04-15T23:13:50.638] [DEBUG] cheese - null
[2018-04-15T23:13:51.423] [DEBUG] cheese - null
[2018-04-15T23:13:57.369] [DEBUG] cheese - null
[2018-04-16T00:27:23.249] [DEBUG] cheese - null
[2018-04-16T00:28:25.097] [DEBUG] cheese - null
[2018-04-16T00:29:49.028] [DEBUG] cheese - null
[2018-04-16T00:30:17.525] [DEBUG] cheese - null
[2018-04-16T09:51:16.857] [DEBUG] cheese - login => username:admin,password:123456
[2018-04-16T09:51:16.857] [DEBUG] cheese - admin
[2018-04-16T09:51:16.873] [DEBUG] cheese - null
[2018-04-16T09:51:16.873] [DEBUG] cheese - null
[2018-04-16T11:20:32.704] [DEBUG] cheese - null
[2018-04-16T20:20:17.439] [DEBUG] cheese - login => username:admin,password:123456
[2018-04-16T20:20:17.442] [DEBUG] cheese - admin
[2018-04-16T20:20:17.449] [DEBUG] cheese - null
[2018-04-16T20:20:17.450] [DEBUG] cheese - null
[2018-04-17T14:38:44.951] [DEBUG] cheese - login => username:admin,password:123456
[2018-04-17T14:38:44.954] [DEBUG] cheese - admin
[2018-04-17T14:38:44.983] [DEBUG] cheese - null
[2018-04-17T14:38:44.985] [DEBUG] cheese - null
[2018-04-18T09:02:45.454] [DEBUG] cheese - login => username:admin,password:123456
[2018-04-18T09:02:45.457] [DEBUG] cheese - admin
[2018-04-18T09:02:45.465] [DEBUG] cheese - null
[2018-04-18T09:02:45.467] [DEBUG] cheese - null
[2018-04-18T14:05:07.990] [DEBUG] cheese - login => username:admin,password:123456
[2018-04-18T14:05:07.991] [DEBUG] cheese - admin
[2018-04-18T14:05:07.997] [DEBUG] cheese - null
[2018-04-18T14:05:07.998] [DEBUG] cheese - null
[2018-04-18T14:39:49.377] [DEBUG] cheese - login => username:admin,password:123456
[2018-04-18T14:39:49.378] [DEBUG] cheese - admin
[2018-04-18T14:39:49.411] [DEBUG] cheese - null
[2018-04-18T14:39:49.411] [DEBUG] cheese - null
[2018-04-19T00:21:55.626] [DEBUG] cheese - null
[2018-04-19T00:25:21.868] [DEBUG] cheese - null
[2018-04-19T00:25:23.282] [DEBUG] cheese - null
[2018-04-19T00:25:25.780] [DEBUG] cheese - null
[2018-04-19T00:26:11.353] [DEBUG] cheese - null
[2018-04-19T00:26:14.113] [DEBUG] cheese - null
[2018-04-19T00:26:16.396] [DEBUG] cheese - null
[2018-04-19T00:26:28.680] [DEBUG] cheese - null
[2018-04-19T00:26:53.621] [DEBUG] cheese - null
[2018-04-19T00:27:10.852] [DEBUG] cheese - null
[2018-04-19T01:07:33.741] [DEBUG] cheese - login => username:admin,password:123456
[2018-04-19T01:07:33.744] [DEBUG] cheese - admin
[2018-04-19T01:07:33.770] [DEBUG] cheese - null
[2018-04-19T01:07:33.771] [DEBUG] cheese - null
[2018-04-19T01:07:40.788] [DEBUG] cheese - login => username:admin,password:123456
[2018-04-19T01:07:40.788] [DEBUG] cheese - admin
[2018-04-19T01:07:40.795] [DEBUG] cheese - null
[2018-04-19T01:07:40.795] [DEBUG] cheese - null
[2018-04-19T01:10:13.546] [DEBUG] cheese - login => username:admin,password:123456
[2018-04-19T01:10:13.547] [DEBUG] cheese - admin
[2018-04-19T01:10:13.554] [DEBUG] cheese - null
[2018-04-19T01:10:13.554] [DEBUG] cheese - null
[2018-04-19T01:10:15.507] [DEBUG] cheese - null
[2018-04-19T01:10:15.512] [DEBUG] cheese - null
[2018-04-19T01:11:15.834] [DEBUG] cheese - null
[2018-04-19T01:11:15.840] [DEBUG] cheese - null
[2018-04-19T01:11:20.498] [DEBUG] cheese - null
[2018-04-19T01:11:20.503] [DEBUG] cheese - null
[2018-04-19T01:11:20.544] [DEBUG] cheese - null
[2018-04-19T01:11:20.547] [DEBUG] cheese - null
[2018-04-19T01:11:24.240] [DEBUG] cheese - null
[2018-04-19T01:11:24.244] [DEBUG] cheese - null
[2018-04-19T01:11:31.841] [DEBUG] cheese - null
[2018-04-19T01:11:31.845] [DEBUG] cheese - null
[2018-04-19T01:11:31.898] [DEBUG] cheese - null
[2018-04-19T01:11:31.904] [DEBUG] cheese - null
[2018-04-19T01:11:37.094] [DEBUG] cheese - null
[2018-04-19T01:11:37.099] [DEBUG] cheese - null
[2018-04-19T01:11:39.511] [DEBUG] cheese - null
[2018-04-19T01:11:39.515] [DEBUG] cheese - null
[2018-04-19T01:11:39.559] [DEBUG] cheese - null
[2018-04-19T01:11:39.564] [DEBUG] cheese - null
[2018-04-19T01:11:43.108] [DEBUG] cheese - null
[2018-04-19T01:11:43.111] [DEBUG] cheese - null
[2018-04-19T01:11:46.733] [DEBUG] cheese - null
[2018-04-19T01:11:46.736] [DEBUG] cheese - null
[2018-04-19T01:11:48.398] [DEBUG] cheese - null
[2018-04-19T01:11:48.403] [DEBUG] cheese - null
[2018-04-19T01:11:54.198] [DEBUG] cheese - null
[2018-04-19T01:11:54.203] [DEBUG] cheese - null
[2018-04-19T01:11:55.128] [DEBUG] cheese - null
[2018-04-19T01:11:55.132] [DEBUG] cheese - null
[2018-04-19T01:11:56.416] [DEBUG] cheese - null
[2018-04-19T01:11:56.420] [DEBUG] cheese - null
[2018-04-19T01:11:57.711] [DEBUG] cheese - null
[2018-04-19T01:11:57.714] [DEBUG] cheese - null
[2018-04-19T01:11:59.268] [DEBUG] cheese - null
[2018-04-19T01:11:59.275] [DEBUG] cheese - null
[2018-04-19T01:12:00.345] [DEBUG] cheese - null
[2018-04-19T01:12:00.348] [DEBUG] cheese - null
[2018-04-19T01:12:25.034] [DEBUG] cheese - null
[2018-04-19T01:12:25.039] [DEBUG] cheese - null
[2018-04-19T01:12:27.071] [DEBUG] cheese - null
[2018-04-19T01:12:27.075] [DEBUG] cheese - null
[2018-04-19T01:12:28.322] [DEBUG] cheese - null
[2018-04-19T01:12:28.325] [DEBUG] cheese - null
[2018-04-19T01:12:34.373] [DEBUG] cheese - null
[2018-04-19T01:12:34.391] [DEBUG] cheese - null
[2018-04-19T01:13:01.914] [DEBUG] cheese - null
[2018-04-19T01:13:01.924] [DEBUG] cheese - null
[2018-04-19T01:13:03.048] [DEBUG] cheese - null
[2018-04-19T01:13:03.052] [DEBUG] cheese - null
[2018-04-19T01:13:26.313] [DEBUG] cheese - null
[2018-04-19T01:13:26.318] [DEBUG] cheese - null
[2018-04-19T01:13:32.432] [DEBUG] cheese - null
[2018-04-19T01:13:32.435] [DEBUG] cheese - null
[2018-04-19T01:13:42.822] [DEBUG] cheese - null
[2018-04-19T01:13:42.829] [DEBUG] cheese - null
[2018-04-19T01:13:56.089] [DEBUG] cheese - login => username:admin,password:123456
[2018-04-19T01:13:56.090] [DEBUG] cheese - admin
[2018-04-19T01:13:56.098] [DEBUG] cheese - null
[2018-04-19T01:13:56.098] [DEBUG] cheese - null
[2018-04-19T01:14:20.759] [DEBUG] cheese - login => username:admin,password:123456
[2018-04-19T01:14:20.759] [DEBUG] cheese - admin
[2018-04-19T01:14:20.768] [DEBUG] cheese - null
[2018-04-19T01:14:20.768] [DEBUG] cheese - null
[2018-04-19T01:14:23.287] [DEBUG] cheese - null
[2018-04-19T01:14:23.293] [DEBUG] cheese - null
[2018-04-19T01:14:28.286] [DEBUG] cheese - null
[2018-04-19T01:14:28.291] [DEBUG] cheese - null
[2018-04-19T01:14:37.886] [DEBUG] cheese - null
[2018-04-19T01:14:37.891] [DEBUG] cheese - null
[2018-04-19T01:14:44.011] [DEBUG] cheese - null
[2018-04-19T01:14:44.015] [DEBUG] cheese - null
[2018-04-19T01:15:09.028] [DEBUG] cheese - login => username:admin,password:123456
[2018-04-19T01:15:09.028] [DEBUG] cheese - admin
[2018-04-19T01:15:09.034] [DEBUG] cheese - null
[2018-04-19T01:15:09.035] [DEBUG] cheese - null
[2018-04-19T09:15:54.257] [DEBUG] cheese - login => username:admin,password:123456
[2018-04-19T09:15:54.258] [DEBUG] cheese - admin
[2018-04-19T09:15:54.288] [DEBUG] cheese - null
[2018-04-19T09:15:54.289] [DEBUG] cheese - null
[2018-04-19T10:27:41.775] [DEBUG] cheese - null
[2018-04-19T10:27:56.819] [DEBUG] cheese - null
[2018-04-19T10:28:09.235] [DEBUG] cheese - null
[2018-04-19T10:37:40.056] [DEBUG] cheese - null
[2018-04-19T10:38:37.717] [DEBUG] cheese - null
[2018-04-19T10:41:08.717] [DEBUG] cheese - null
[2018-04-19T10:42:45.393] [DEBUG] cheese - null
[2018-04-19T10:42:54.312] [DEBUG] cheese - null
[2018-04-19T10:44:24.062] [DEBUG] cheese - null
[2018-04-19T10:44:33.124] [DEBUG] cheese - null
[2018-04-19T11:06:40.321] [DEBUG] cheese - login => username:lpz,password:123456
[2018-04-19T11:06:40.321] [DEBUG] cheese - lpz
[2018-04-19T11:06:40.331] [DEBUG] cheese - null
[2018-04-19T11:06:40.331] [DEBUG] cheese - null
[2018-04-19T11:06:46.074] [DEBUG] cheese - null
[2018-04-19T11:06:46.105] [DEBUG] cheese - null
[2018-04-19T11:06:49.042] [DEBUG] cheese - null
[2018-04-19T11:06:49.051] [DEBUG] cheese - null
[2018-04-19T11:07:09.321] [DEBUG] cheese - null
[2018-04-19T11:07:09.326] [DEBUG] cheese - null
[2018-04-19T11:07:15.930] [DEBUG] cheese - null
[2018-04-19T11:07:15.936] [DEBUG] cheese - null
[2018-04-19T11:07:16.003] [DEBUG] cheese - null
[2018-04-19T11:07:16.009] [DEBUG] cheese - null
[2018-04-19T11:07:25.495] [DEBUG] cheese - login => username:lpz,password:123456
[2018-04-19T11:07:25.495] [DEBUG] cheese - lpz
[2018-04-19T11:07:25.504] [DEBUG] cheese - null
[2018-04-19T11:07:25.504] [DEBUG] cheese - null
[2018-04-19T11:07:44.202] [DEBUG] cheese - login => username:admin,password:123456
[2018-04-19T11:07:44.202] [DEBUG] cheese - admin
[2018-04-19T11:07:44.223] [DEBUG] cheese - null
[2018-04-19T11:07:44.223] [DEBUG] cheese - null
[2018-04-19T11:51:49.871] [DEBUG] cheese - login => username:cxy,password:123456
[2018-04-19T11:51:49.872] [DEBUG] cheese - cxy
[2018-04-19T11:51:49.881] [DEBUG] cheese - null
[2018-04-19T11:51:49.881] [DEBUG] cheese - null
[2018-04-19T11:52:10.604] [DEBUG] cheese - login => username:admin,password:123456
[2018-04-19T11:52:10.605] [DEBUG] cheese - admin
[2018-04-19T11:52:10.630] [DEBUG] cheese - null
[2018-04-19T11:52:10.630] [DEBUG] cheese - null
[2018-04-19T11:52:54.868] [DEBUG] cheese - login => username:cxy,password:123456
[2018-04-19T11:52:54.868] [DEBUG] cheese - cxy
[2018-04-19T11:52:54.876] [DEBUG] cheese - null
[2018-04-19T11:52:54.876] [DEBUG] cheese - null
[2018-04-19T13:53:21.938] [DEBUG] cheese - login => username:admin,password:123456
[2018-04-19T13:53:21.938] [DEBUG] cheese - admin
[2018-04-19T13:53:21.942] [DEBUG] cheese - null
[2018-04-19T13:53:21.942] [DEBUG] cheese - null
[2018-04-19T13:55:09.447] [DEBUG] cheese - null
[2018-04-19T13:55:09.451] [DEBUG] cheese - null
[2018-04-19T13:55:17.702] [DEBUG] cheese - null
[2018-04-19T13:55:17.707] [DEBUG] cheese - null
[2018-04-19T13:55:39.155] [DEBUG] cheese - null
[2018-04-19T13:55:39.159] [DEBUG] cheese - null
[2018-04-19T13:55:49.203] [DEBUG] cheese - null
[2018-04-19T13:55:49.207] [DEBUG] cheese - null
[2018-04-19T13:55:49.260] [DEBUG] cheese - null
[2018-04-19T13:55:49.268] [DEBUG] cheese - null
[2018-04-19T13:56:07.610] [DEBUG] cheese - login => username:lpz,password:123456
[2018-04-19T13:56:07.610] [DEBUG] cheese - lpz
[2018-04-19T13:56:07.614] [DEBUG] cheese - null
[2018-04-19T13:56:07.614] [DEBUG] cheese - null
[2018-04-19T13:56:12.497] [DEBUG] cheese - null
[2018-04-19T13:56:12.501] [DEBUG] cheese - null
[2018-04-19T13:56:38.535] [DEBUG] cheese - null
[2018-04-19T13:56:38.543] [DEBUG] cheese - null
[2018-04-19T13:58:25.709] [DEBUG] cheese - null
[2018-04-19T13:58:25.709] [DEBUG] cheese - null
[2018-04-19T13:59:07.910] [DEBUG] cheese - null
[2018-04-19T13:59:07.913] [DEBUG] cheese - null
[2018-04-19T14:00:41.826] [DEBUG] cheese - null
[2018-04-19T14:00:41.830] [DEBUG] cheese - null
[2018-04-19T14:01:11.955] [DEBUG] cheese - null
[2018-04-19T14:01:11.960] [DEBUG] cheese - null
[2018-04-19T14:01:13.922] [DEBUG] cheese - null
[2018-04-19T14:01:13.926] [DEBUG] cheese - null
[2018-04-19T14:01:14.518] [DEBUG] cheese - null
[2018-04-19T14:01:14.518] [DEBUG] cheese - null
[2018-04-19T14:01:18.003] [DEBUG] cheese - null
[2018-04-19T14:01:18.011] [DEBUG] cheese - null
[2018-04-19T14:01:21.952] [DEBUG] cheese - null
[2018-04-19T14:01:21.961] [DEBUG] cheese - null
[2018-04-19T14:01:22.601] [DEBUG] cheese - null
[2018-04-19T14:01:22.605] [DEBUG] cheese - null
[2018-04-19T14:01:24.783] [DEBUG] cheese - null
[2018-04-19T14:01:24.787] [DEBUG] cheese - null
[2018-04-19T14:01:31.722] [DEBUG] cheese - null
[2018-04-19T14:01:31.726] [DEBUG] cheese - null
[2018-04-19T14:01:52.142] [DEBUG] cheese - null
[2018-04-19T14:01:52.146] [DEBUG] cheese - null
[2018-04-19T14:01:54.515] [DEBUG] cheese - null
[2018-04-19T14:01:54.519] [DEBUG] cheese - null
[2018-04-19T14:01:54.539] [DEBUG] cheese - null
[2018-04-19T14:01:54.543] [DEBUG] cheese - null
[2018-04-19T14:01:59.818] [DEBUG] cheese - null
[2018-04-19T14:01:59.826] [DEBUG] cheese - null
[2018-04-19T14:02:10.613] [DEBUG] cheese - null
[2018-04-19T14:02:10.617] [DEBUG] cheese - null
[2018-04-19T14:02:12.896] [DEBUG] cheese - null
[2018-04-19T14:02:12.900] [DEBUG] cheese - null
[2018-04-19T14:02:24.565] [DEBUG] cheese - login => username:lpz,password:123456
[2018-04-19T14:02:24.565] [DEBUG] cheese - lpz
[2018-04-19T14:02:24.569] [DEBUG] cheese - null
[2018-04-19T14:02:24.569] [DEBUG] cheese - null
[2018-04-19T14:02:27.987] [DEBUG] cheese - null
[2018-04-19T14:02:27.991] [DEBUG] cheese - null
[2018-04-19T14:02:40.810] [DEBUG] cheese - null
[2018-04-19T14:02:40.810] [DEBUG] cheese - null
[2018-04-19T14:02:50.034] [DEBUG] cheese - null
[2018-04-19T14:02:50.042] [DEBUG] cheese - null
[2018-04-19T14:02:57.479] [DEBUG] cheese - null
[2018-04-19T14:02:57.483] [DEBUG] cheese - null
[2018-04-19T14:02:57.531] [DEBUG] cheese - null
[2018-04-19T14:02:57.535] [DEBUG] cheese - null
[2018-04-19T14:03:05.110] [DEBUG] cheese - null
[2018-04-19T14:03:05.118] [DEBUG] cheese - null
[2018-04-19T14:03:05.163] [DEBUG] cheese - null
[2018-04-19T14:03:05.169] [DEBUG] cheese - null
[2018-04-19T14:03:07.245] [DEBUG] cheese - null
[2018-04-19T14:03:07.249] [DEBUG] cheese - null
[2018-04-19T14:03:10.017] [DEBUG] cheese - null
[2018-04-19T14:03:10.023] [DEBUG] cheese - null
[2018-04-19T14:03:14.735] [DEBUG] cheese - null
[2018-04-19T14:03:14.743] [DEBUG] cheese - null
[2018-04-19T14:03:21.457] [DEBUG] cheese - null
[2018-04-19T14:03:21.465] [DEBUG] cheese - null
[2018-04-19T14:03:21.518] [DEBUG] cheese - null
[2018-04-19T14:03:21.526] [DEBUG] cheese - null
[2018-04-19T14:03:32.027] [DEBUG] cheese - null
[2018-04-19T14:03:32.031] [DEBUG] cheese - null
[2018-04-19T14:03:33.632] [DEBUG] cheese - null
[2018-04-19T14:03:33.636] [DEBUG] cheese - null
[2018-04-19T14:03:44.049] [DEBUG] cheese - null
[2018-04-19T14:03:44.053] [DEBUG] cheese - null
[2018-04-19T14:07:19.345] [DEBUG] cheese - null
[2018-04-19T14:07:19.353] [DEBUG] cheese - null
[2018-04-19T14:29:14.472] [DEBUG] cheese - null
[2018-04-19T14:29:14.481] [DEBUG] cheese - null
[2018-04-19T14:29:21.819] [DEBUG] cheese - login => username:admin,password:123456
[2018-04-19T14:29:21.820] [DEBUG] cheese - admin
[2018-04-19T14:29:21.825] [DEBUG] cheese - null
[2018-04-19T14:29:21.826] [DEBUG] cheese - null
[2018-04-19T14:37:14.946] [DEBUG] cheese - null
[2018-04-19T14:37:16.069] [DEBUG] cheese - null
[2018-04-19T14:37:16.699] [DEBUG] cheese - null
[2018-04-19T14:37:17.918] [DEBUG] cheese - null
[2018-04-19T14:37:18.729] [DEBUG] cheese - null
[2018-04-19T14:38:36.608] [DEBUG] cheese - login => username:lpz,password:123456
[2018-04-19T14:38:36.608] [DEBUG] cheese - lpz
[2018-04-19T14:38:36.616] [DEBUG] cheese - null
[2018-04-19T14:38:36.616] [DEBUG] cheese - null
[2018-04-19T14:38:43.335] [DEBUG] cheese - null
[2018-04-19T14:38:43.342] [DEBUG] cheese - null
[2018-04-19T14:40:47.507] [DEBUG] cheese - login => username:lpz,password:123456
[2018-04-19T14:40:47.507] [DEBUG] cheese - lpz
[2018-04-19T14:40:47.518] [DEBUG] cheese - null
[2018-04-19T14:40:47.518] [DEBUG] cheese - null
[2018-04-19T14:42:41.334] [DEBUG] cheese - login => username:admin,password:123456
[2018-04-19T14:42:41.334] [DEBUG] cheese - admin
[2018-04-19T14:42:41.345] [DEBUG] cheese - null
[2018-04-19T14:42:41.345] [DEBUG] cheese - null
[2018-04-19T14:50:11.458] [DEBUG] cheese - login => username:lpz,password:123456
[2018-04-19T14:50:11.459] [DEBUG] cheese - lpz
[2018-04-19T14:50:11.464] [DEBUG] cheese - null
[2018-04-19T14:50:11.465] [DEBUG] cheese - null
[2018-04-19T14:57:29.964] [DEBUG] cheese - login => username:admin,password:123456
[2018-04-19T14:57:29.964] [DEBUG] cheese - admin
[2018-04-19T14:57:29.980] [DEBUG] cheese - null
[2018-04-19T14:57:29.981] [DEBUG] cheese - null
[2018-04-19T14:59:59.556] [DEBUG] cheese - login => username:lpz,password:123456
[2018-04-19T14:59:59.557] [DEBUG] cheese - lpz
[2018-04-19T14:59:59.561] [DEBUG] cheese - null
[2018-04-19T14:59:59.561] [DEBUG] cheese - null
[2018-04-19T15:04:08.316] [DEBUG] cheese - login => username:admin,password:123456
[2018-04-19T15:04:08.316] [DEBUG] cheese - admin
[2018-04-19T15:04:08.330] [DEBUG] cheese - null
[2018-04-19T15:04:08.330] [DEBUG] cheese - null
[2018-04-19T15:04:25.442] [DEBUG] cheese - login => username:admin,password:123456
[2018-04-19T15:04:25.442] [DEBUG] cheese - admin
[2018-04-19T15:04:25.452] [DEBUG] cheese - null
[2018-04-19T15:04:25.452] [DEBUG] cheese - null
[2018-04-19T15:07:30.363] [DEBUG] cheese - login => username:lpz,password:123456
[2018-04-19T15:07:30.363] [DEBUG] cheese - lpz
[2018-04-19T15:07:30.367] [DEBUG] cheese - null
[2018-04-19T15:07:30.367] [DEBUG] cheese - null
[2018-04-19T15:07:33.479] [DEBUG] cheese - null
[2018-04-19T15:07:33.488] [DEBUG] cheese - null
[2018-04-19T15:09:26.676] [DEBUG] cheese - null
[2018-04-19T15:09:26.681] [DEBUG] cheese - null
[2018-04-19T15:10:13.831] [DEBUG] cheese - null
[2018-04-19T15:10:13.839] [DEBUG] cheese - null
[2018-04-19T15:10:18.953] [DEBUG] cheese - null
[2018-04-19T15:10:18.957] [DEBUG] cheese - null
[2018-04-19T15:13:33.746] [DEBUG] cheese - null
[2018-04-19T15:13:33.754] [DEBUG] cheese - null
[2018-04-19T15:13:43.631] [DEBUG] cheese - null
[2018-04-19T15:13:43.648] [DEBUG] cheese - null
[2018-04-19T15:13:43.735] [DEBUG] cheese - null
[2018-04-19T15:13:43.742] [DEBUG] cheese - null
[2018-04-19T15:14:12.927] [DEBUG] cheese - null
[2018-04-19T15:14:12.939] [DEBUG] cheese - null
[2018-04-19T15:15:00.075] [DEBUG] cheese - null
[2018-04-19T15:15:00.081] [DEBUG] cheese - null
[2018-04-19T15:15:37.938] [DEBUG] cheese - null
[2018-04-19T15:15:37.958] [DEBUG] cheese - null
[2018-04-19T15:19:43.259] [DEBUG] cheese - null
[2018-04-19T15:19:43.265] [DEBUG] cheese - null
[2018-04-19T15:20:39.455] [DEBUG] cheese - null
[2018-04-19T15:20:39.465] [DEBUG] cheese - null
[2018-04-19T15:20:48.179] [DEBUG] cheese - null
[2018-04-19T15:20:48.185] [DEBUG] cheese - null
[2018-04-19T15:21:20.575] [DEBUG] cheese - null
[2018-04-19T15:21:20.581] [DEBUG] cheese - null
[2018-04-19T15:22:20.550] [DEBUG] cheese - null
[2018-04-19T15:22:20.558] [DEBUG] cheese - null
[2018-04-19T15:22:30.439] [DEBUG] cheese - null
[2018-04-19T15:22:30.443] [DEBUG] cheese - null
[2018-04-19T15:22:47.004] [DEBUG] cheese - null
[2018-04-19T15:22:47.020] [DEBUG] cheese - null
[2018-04-19T15:23:22.544] [DEBUG] cheese - null
[2018-04-19T15:23:22.551] [DEBUG] cheese - null
[2018-04-19T15:23:28.671] [DEBUG] cheese - null
[2018-04-19T15:23:28.676] [DEBUG] cheese - null
[2018-04-19T15:24:46.747] [DEBUG] cheese - null
[2018-04-19T15:24:46.763] [DEBUG] cheese - null
[2018-04-19T15:25:14.085] [DEBUG] cheese - null
[2018-04-19T15:25:14.089] [DEBUG] cheese - null
[2018-04-19T15:25:56.291] [DEBUG] cheese - null
[2018-04-19T15:25:56.296] [DEBUG] cheese - null
[2018-04-19T15:26:14.457] [DEBUG] cheese - null
[2018-04-19T15:26:14.466] [DEBUG] cheese - null
[2018-04-19T15:26:20.805] [DEBUG] cheese - null
[2018-04-19T15:26:20.817] [DEBUG] cheese - null
[2018-04-19T15:26:30.538] [DEBUG] cheese - null
[2018-04-19T15:26:30.543] [DEBUG] cheese - null
[2018-04-19T15:26:30.624] [DEBUG] cheese - null
[2018-04-19T15:26:30.628] [DEBUG] cheese - null
[2018-04-19T15:27:20.217] [DEBUG] cheese - null
[2018-04-19T15:27:20.221] [DEBUG] cheese - null
[2018-04-19T15:27:21.758] [DEBUG] cheese - null
[2018-04-19T15:27:21.762] [DEBUG] cheese - null
[2018-04-19T15:42:15.709] [DEBUG] cheese - null
[2018-04-19T15:42:15.717] [DEBUG] cheese - null
[2018-04-19T16:02:17.324] [DEBUG] cheese - login => username:admin,password:123456
[2018-04-19T16:02:17.324] [DEBUG] cheese - admin
[2018-04-19T16:02:17.335] [DEBUG] cheese - null
[2018-04-19T16:02:17.335] [DEBUG] cheese - null
[2018-04-19T16:03:42.286] [DEBUG] cheese - login => username:admin,password:123456
[2018-04-19T16:03:42.287] [DEBUG] cheese - admin
[2018-04-19T16:03:42.295] [DEBUG] cheese - null
[2018-04-19T16:03:42.295] [DEBUG] cheese - null
[2018-04-19T16:09:34.581] [DEBUG] cheese - login => username:admin,password:123456
[2018-04-19T16:09:34.581] [DEBUG] cheese - admin
[2018-04-19T16:09:34.593] [DEBUG] cheese - null
[2018-04-19T16:09:34.594] [DEBUG] cheese - null
[2018-04-19T16:14:04.158] [DEBUG] cheese - login => username:admin,password:123456
[2018-04-19T16:14:04.158] [DEBUG] cheese - admin
[2018-04-19T16:14:04.169] [DEBUG] cheese - null
[2018-04-19T16:14:04.169] [DEBUG] cheese - null
[2018-04-19T16:16:15.535] [DEBUG] cheese - login => username:admin,password:123456
[2018-04-19T16:16:15.536] [DEBUG] cheese - admin
[2018-04-19T16:16:15.540] [DEBUG] cheese - null
[2018-04-19T16:16:15.540] [DEBUG] cheese - null
[2018-04-19T16:18:20.840] [DEBUG] cheese - login => username:admin,password:123456
[2018-04-19T16:18:20.841] [DEBUG] cheese - admin
[2018-04-19T16:18:20.854] [DEBUG] cheese - null
[2018-04-19T16:18:20.855] [DEBUG] cheese - null
[2018-04-19T16:20:48.132] [DEBUG] cheese - login => username:admin,password:123456
[2018-04-19T16:20:48.133] [DEBUG] cheese - admin
[2018-04-19T16:20:48.139] [DEBUG] cheese - null
[2018-04-19T16:20:48.139] [DEBUG] cheese - null
[2018-04-19T16:21:36.936] [DEBUG] cheese - login => username:admin,password:123456
[2018-04-19T16:21:36.936] [DEBUG] cheese - admin
[2018-04-19T16:21:36.945] [DEBUG] cheese - null
[2018-04-19T16:21:36.946] [DEBUG] cheese - null
[2018-04-19T16:22:43.122] [DEBUG] cheese - login => username:admin,password:123456
[2018-04-19T16:22:43.122] [DEBUG] cheese - admin
[2018-04-19T16:22:43.136] [DEBUG] cheese - null
[2018-04-19T16:22:43.136] [DEBUG] cheese - null
[2018-04-19T16:26:49.397] [DEBUG] cheese - login => username:admin,password:123456
[2018-04-19T16:26:49.397] [DEBUG] cheese - admin
[2018-04-19T16:26:49.404] [DEBUG] cheese - null
[2018-04-19T16:26:49.404] [DEBUG] cheese - null
[2018-04-19T16:35:09.199] [DEBUG] cheese - login => username:admin,password:123456
[2018-04-19T16:35:09.199] [DEBUG] cheese - admin
[2018-04-19T16:35:09.205] [DEBUG] cheese - null
[2018-04-19T16:35:09.205] [DEBUG] cheese - null
[2018-04-19T16:56:58.389] [DEBUG] cheese - null
[2018-04-19T16:56:58.394] [DEBUG] cheese - null
[2018-04-19T16:57:24.135] [DEBUG] cheese - login => username:admin,password:123456
[2018-04-19T16:57:24.135] [DEBUG] cheese - admin
[2018-04-19T16:57:24.135] [DEBUG] cheese - null
[2018-04-19T16:57:24.135] [DEBUG] cheese - null
[2018-12-27T11:46:58.902] [DEBUG] cheese - login => username:admin,password:123456
[2018-12-27T11:46:58.903] [DEBUG] cheese - admin
[2018-12-27T11:46:58.910] [DEBUG] cheese - null
[2018-12-27T11:46:58.911] [DEBUG] cheese - null
[2018-12-27T14:07:26.868] [DEBUG] cheese - login => username:admin,password:123456
[2018-12-27T14:07:26.869] [DEBUG] cheese - admin
[2018-12-27T14:07:26.899] [DEBUG] cheese - null
[2018-12-27T14:07:26.901] [DEBUG] cheese - null
[2018-12-27T15:07:39.667] [DEBUG] cheese - login => username:admin,password:123456
[2018-12-27T15:07:39.668] [DEBUG] cheese - admin
[2018-12-27T15:07:39.679] [DEBUG] cheese - null
[2018-12-27T15:07:39.681] [DEBUG] cheese - null
[2018-12-27T15:09:51.171] [DEBUG] cheese - login => username:admin,password:123456
[2018-12-27T15:09:51.171] [DEBUG] cheese - admin
[2018-12-27T15:09:51.173] [DEBUG] cheese - null
[2018-12-27T15:09:51.174] [DEBUG] cheese - null
[2018-12-27T15:10:56.349] [DEBUG] cheese - login => username:admin,password:123456
[2018-12-27T15:10:56.349] [DEBUG] cheese - admin
[2018-12-27T15:10:56.351] [DEBUG] cheese - null
[2018-12-27T15:10:56.351] [DEBUG] cheese - null
[2018-12-27T15:11:48.948] [DEBUG] cheese - login => username:admin,password:123456
[2018-12-27T15:11:48.948] [DEBUG] cheese - admin
[2018-12-27T15:11:48.950] [DEBUG] cheese - null
[2018-12-27T15:11:48.950] [DEBUG] cheese - null
[2018-12-27T15:11:51.501] [DEBUG] cheese - login => username:admin,password:123456
[2018-12-27T15:11:51.501] [DEBUG] cheese - admin
[2018-12-27T15:11:51.507] [DEBUG] cheese - null
[2018-12-27T15:11:51.507] [DEBUG] cheese - null
[2018-12-27T15:12:21.046] [DEBUG] cheese - login => username:admin,password:123456
[2018-12-27T15:12:21.046] [DEBUG] cheese - admin
[2018-12-27T15:12:21.048] [DEBUG] cheese - null
[2018-12-27T15:12:21.048] [DEBUG] cheese - null
[2018-12-27T15:13:18.076] [DEBUG] cheese - login => username:admin,password:123456
[2018-12-27T15:13:18.076] [DEBUG] cheese - admin
[2018-12-27T15:13:18.079] [DEBUG] cheese - null
[2018-12-27T15:13:18.079] [DEBUG] cheese - null
[2018-12-27T15:13:21.685] [DEBUG] cheese - login => username:admin,password:123456
[2018-12-27T15:13:21.686] [DEBUG] cheese - admin
[2018-12-27T15:13:21.688] [DEBUG] cheese - null
[2018-12-27T15:13:21.688] [DEBUG] cheese - null
[2018-12-27T15:14:19.950] [DEBUG] cheese - login => username:admin,password:123456
[2018-12-27T15:14:19.951] [DEBUG] cheese - admin
[2018-12-27T15:14:19.954] [DEBUG] cheese - null
[2018-12-27T15:14:19.954] [DEBUG] cheese - null
[2018-12-27T15:14:21.837] [DEBUG] cheese - login => username:admin,password:123456
[2018-12-27T15:14:21.837] [DEBUG] cheese - admin
[2018-12-27T15:14:21.839] [DEBUG] cheese - null
[2018-12-27T15:14:21.839] [DEBUG] cheese - null
[2018-12-27T15:14:39.552] [DEBUG] cheese - login => username:admin,password:123456
[2018-12-27T15:14:39.552] [DEBUG] cheese - admin
[2018-12-27T15:14:39.555] [DEBUG] cheese - null
[2018-12-27T15:14:39.555] [DEBUG] cheese - null
[2018-12-27T15:17:00.262] [DEBUG] cheese - login => username:admin,password:123456
[2018-12-27T15:17:00.262] [DEBUG] cheese - admin
[2018-12-27T15:17:00.265] [DEBUG] cheese - null
[2018-12-27T15:17:00.265] [DEBUG] cheese - null
[2018-12-27T15:20:02.230] [DEBUG] cheese - login => username:admin,password:123456
[2018-12-27T15:20:02.230] [DEBUG] cheese - admin
[2018-12-27T15:20:02.233] [DEBUG] cheese - null
[2018-12-27T15:20:02.233] [DEBUG] cheese - null
[2018-12-27T15:21:04.799] [DEBUG] cheese - login => username:admin,password:123456
[2018-12-27T15:21:04.799] [DEBUG] cheese - admin
[2018-12-27T15:21:04.801] [DEBUG] cheese - null
[2018-12-27T15:21:04.801] [DEBUG] cheese - null
[2018-12-27T15:23:28.278] [DEBUG] cheese - login => username:admin,password:123456
[2018-12-27T15:23:28.279] [DEBUG] cheese - admin
[2018-12-27T15:23:28.281] [DEBUG] cheese - null
[2018-12-27T15:23:28.281] [DEBUG] cheese - null
[2018-12-27T15:25:15.873] [DEBUG] cheese - login => username:admin,password:123456
[2018-12-27T15:25:15.873] [DEBUG] cheese - admin
[2018-12-27T15:25:15.875] [DEBUG] cheese - null
[2018-12-27T15:25:15.875] [DEBUG] cheese - null
[2018-12-27T15:26:00.974] [DEBUG] cheese - login => username:admin,password:123456
[2018-12-27T15:26:00.974] [DEBUG] cheese - admin
[2018-12-27T15:26:00.978] [DEBUG] cheese - null
[2018-12-27T15:26:00.978] [DEBUG] cheese - null
[2018-12-27T15:36:43.445] [DEBUG] cheese - login => username:admin,password:123456
[2018-12-27T15:36:43.445] [DEBUG] cheese - admin
[2018-12-27T15:36:43.448] [DEBUG] cheese - null
[2018-12-27T15:36:43.449] [DEBUG] cheese - null
[2018-12-27T15:36:57.052] [DEBUG] cheese - login => username:admin,password:123456
[2018-12-27T15:36:57.053] [DEBUG] cheese - admin
[2018-12-27T15:36:57.054] [DEBUG] cheese - null
[2018-12-27T15:36:57.054] [DEBUG] cheese - null
[2018-12-27T15:39:29.843] [DEBUG] cheese - login => username:admin,password:123456
[2018-12-27T15:39:29.843] [DEBUG] cheese - admin
[2018-12-27T15:39:29.847] [DEBUG] cheese - null
[2018-12-27T15:39:29.847] [DEBUG] cheese - null
[2018-12-27T15:58:20.308] [DEBUG] cheese - login => username:admin,password:123456
[2018-12-27T15:58:20.308] [DEBUG] cheese - admin
[2018-12-27T15:58:20.310] [DEBUG] cheese - null
[2018-12-27T15:58:20.311] [DEBUG] cheese - null
[2018-12-27T17:49:13.045] [DEBUG] cheese - login => username:admin,password:123456
[2018-12-27T17:49:13.046] [DEBUG] cheese - admin
[2018-12-27T17:49:13.051] [DEBUG] cheese - null
[2018-12-27T17:49:13.052] [DEBUG] cheese - null
[2018-12-27T17:49:28.376] [DEBUG] cheese - login => username:admin,password:123456
[2018-12-27T17:49:28.377] [DEBUG] cheese - admin
[2018-12-27T17:49:28.379] [DEBUG] cheese - null
[2018-12-27T17:49:28.379] [DEBUG] cheese - null
[2018-12-27T18:18:48.639] [DEBUG] cheese - login => username:admin,password:123456
[2018-12-27T18:18:48.639] [DEBUG] cheese - admin
[2018-12-27T18:18:48.643] [DEBUG] cheese - null
[2018-12-27T18:18:48.643] [DEBUG] cheese - null
[2018-12-27T18:19:55.789] [DEBUG] cheese - login => username:admin,password:123456
[2018-12-27T18:19:55.789] [DEBUG] cheese - admin
[2018-12-27T18:19:55.792] [DEBUG] cheese - null
[2018-12-27T18:19:55.792] [DEBUG] cheese - null
[2018-12-28T10:11:06.342] [DEBUG] cheese - login => username:admin,password:123456
[2018-12-28T10:11:06.344] [DEBUG] cheese - admin
[2018-12-28T10:11:06.354] [DEBUG] cheese - null
[2018-12-28T10:11:06.355] [DEBUG] cheese - null
[2018-12-28T11:55:53.266] [DEBUG] cheese - login => username:admin,password:123456
[2018-12-28T11:55:53.277] [DEBUG] cheese - admin
[2018-12-28T11:55:53.301] [DEBUG] cheese - null
[2018-12-28T11:55:53.301] [DEBUG] cheese - null
[2018-12-28T12:10:08.585] [DEBUG] cheese - login => username:admin,password:123456
[2018-12-28T12:10:08.585] [DEBUG] cheese - admin
[2018-12-28T12:10:08.650] [DEBUG] cheese - null
[2018-12-28T12:10:08.650] [DEBUG] cheese - null
[2018-12-28T13:29:36.740] [DEBUG] cheese - login => username:admin,password:123456
[2018-12-28T13:29:36.740] [DEBUG] cheese - admin
[2018-12-28T13:29:36.745] [DEBUG] cheese - null
[2018-12-28T13:29:36.745] [DEBUG] cheese - null
[2018-12-28T14:17:40.381] [DEBUG] cheese - login => username:admin,password:123456
[2018-12-28T14:17:40.382] [DEBUG] cheese - admin
[2018-12-28T14:17:40.385] [DEBUG] cheese - null
[2018-12-28T14:17:40.385] [DEBUG] cheese - null
[2018-12-28T14:43:58.796] [DEBUG] cheese - login => username:admin,password:123456
[2018-12-28T14:43:58.796] [DEBUG] cheese - admin
[2018-12-28T14:43:58.801] [DEBUG] cheese - null
[2018-12-28T14:43:58.801] [DEBUG] cheese - null
[2018-12-28T19:20:07.211] [DEBUG] cheese - login => username:admin,password:123456
[2018-12-28T19:20:07.212] [DEBUG] cheese - admin
[2018-12-28T19:20:07.215] [DEBUG] cheese - null
[2018-12-28T19:20:07.215] [DEBUG] cheese - null
[2018-12-29T10:04:08.993] [DEBUG] cheese - login => username:admin,password:123456
[2018-12-29T10:04:08.994] [DEBUG] cheese - admin
[2018-12-29T10:04:09.003] [DEBUG] cheese - null
[2018-12-29T10:04:09.004] [DEBUG] cheese - null
[2018-12-29T10:06:48.506] [DEBUG] cheese - login => username:admin,password:123456
[2018-12-29T10:06:48.506] [DEBUG] cheese - admin
[2018-12-29T10:06:48.509] [DEBUG] cheese - null
[2018-12-29T10:06:48.509] [DEBUG] cheese - null
[2018-12-29T14:09:06.913] [DEBUG] cheese - null
[2018-12-29T17:15:34.858] [DEBUG] cheese - login => username:admin,password:123456
[2018-12-29T17:15:34.859] [DEBUG] cheese - admin
[2018-12-29T17:15:34.861] [DEBUG] cheese - null
[2018-12-29T17:15:34.861] [DEBUG] cheese - null
[2018-12-29T17:47:28.685] [DEBUG] cheese - login => username:admin,password:123456
[2018-12-29T17:47:28.687] [DEBUG] cheese - admin
[2018-12-29T17:47:28.700] [DEBUG] cheese - null
[2018-12-29T17:47:28.701] [DEBUG] cheese - null
